app/build/intermediates/manifest_merge_blame_file/debug/manifest-merger-blame-debug-report.txt
1<?xml version="1.0" encoding="utf-8"?>
2<manifest xmlns:android="http://schemas.android.com/apk/res/android"
3    package="com.example.swiftscore"
4    android:versionCode="1"
5    android:versionName="1.0" >
6
7    <uses-sdk
8        android:minSdkVersion="21"
8-->src/main/AndroidManifest.xml
9        android:targetSdkVersion="30" />
9-->src/main/AndroidManifest.xml
10
11    <uses-permission android:name="android.permission.INTERNET" />
11-->src/main/AndroidManifest.xml:5:5-66
11-->src/main/AndroidManifest.xml:5:22-64
12
13    <!--
14    Allows Glide to monitor connectivity status and restart failed requests if users go from a
15    a disconnected to a connected network state.
16    -->
17    <uses-permission android:name="android.permission.ACCESS_NETWORK_STATE" />
17-->[com.github.corouteam:GlideToVectorYou:v2.0.0] AndroidManifest.xml:16:5-79
17-->[com.github.corouteam:GlideToVectorYou:v2.0.0] AndroidManifest.xml:16:22-76
18
19    <application
19-->src/main/AndroidManifest.xml:7:5-26:19
20        android:allowBackup="true"
20-->src/main/AndroidManifest.xml:8:9-35
21        android:appComponentFactory="androidx.core.app.CoreComponentFactory"
21-->[androidx.core:core:1.6.0] AndroidManifest.xml:24:18-86
22        android:debuggable="true"
23        android:icon="@mipmap/ic_launcher_round"
23-->src/main/AndroidManifest.xml:9:9-49
24        android:label="@string/app_name"
24-->src/main/AndroidManifest.xml:10:9-41
25        android:roundIcon="@mipmap/ic_launcher_round"
25-->src/main/AndroidManifest.xml:11:9-54
26        android:supportsRtl="true"
26-->src/main/AndroidManifest.xml:12:9-35
27        android:testOnly="true"
28        android:theme="@style/splashScreenTheme" >
28-->src/main/AndroidManifest.xml:13:9-49
29        <activity
29-->src/main/AndroidManifest.xml:14:9-22:20
30            android:name="com.example.swiftscore.ui.HomeActivity"
30-->src/main/AndroidManifest.xml:15:13-44
31            android:exported="true" >
31-->src/main/AndroidManifest.xml:16:13-36
32            <intent-filter>
32-->src/main/AndroidManifest.xml:17:13-21:29
33                <action android:name="android.intent.action.MAIN" />
33-->src/main/AndroidManifest.xml:18:17-69
33-->src/main/AndroidManifest.xml:18:25-66
34
35                <category android:name="android.intent.category.LAUNCHER" />
35-->src/main/AndroidManifest.xml:20:17-77
35-->src/main/AndroidManifest.xml:20:27-74
36            </intent-filter>
37        </activity>
38
39        <meta-data
39-->src/main/AndroidManifest.xml:23:9-25:57
40            android:name="preloaded_fonts"
40-->src/main/AndroidManifest.xml:24:13-43
41            android:resource="@array/preloaded_fonts" />
41-->src/main/AndroidManifest.xml:25:13-54
42
43        <service
43-->[androidx.room:room-runtime:2.2.5] AndroidManifest.xml:25:9-28:40
44            android:name="androidx.room.MultiInstanceInvalidationService"
44-->[androidx.room:room-runtime:2.2.5] AndroidManifest.xml:26:13-74
45            android:directBootAware="true"
45-->[androidx.room:room-runtime:2.2.5] AndroidManifest.xml:27:13-43
46            android:exported="false" />
46-->[androidx.room:room-runtime:2.2.5] AndroidManifest.xml:28:13-37
47    </application>
48
49</manifest>